x:\university\games tech\asteroids\lib\engine.pdb
x:\university\games tech\asteroids\lib\engine.idb
x:\university\games tech\asteroids\vc\engine\debug\gamedisplay.obj
x:\university\games tech\asteroids\vc\engine\debug\gameobject.obj
x:\university\games tech\asteroids\vc\engine\debug\gameobjecttype.obj
x:\university\games tech\asteroids\vc\engine\debug\gamesession.obj
x:\university\games tech\asteroids\vc\engine\debug\gamewindow.obj
x:\university\games tech\asteroids\vc\engine\debug\gameworld.obj
x:\university\games tech\asteroids\vc\engine\debug\glutsession.obj
x:\university\games tech\asteroids\vc\engine\debug\glutwindow.obj
x:\university\games tech\asteroids\vc\engine\debug\glvector.obj
x:\university\games tech\asteroids\vc\engine\debug\guicomponent.obj
x:\university\games tech\asteroids\vc\engine\debug\guicontainer.obj
x:\university\games tech\asteroids\vc\engine\debug\guiicon.obj
x:\university\games tech\asteroids\vc\engine\debug\guilabel.obj
x:\university\games tech\asteroids\vc\engine\debug\image.obj
x:\university\games tech\asteroids\vc\engine\debug\imagemanager.obj
x:\university\games tech\asteroids\vc\engine\debug\movementcontroller.obj
x:\university\games tech\asteroids\vc\engine\debug\shape.obj
x:\university\games tech\asteroids\vc\engine\debug\sprite.obj
x:\university\games tech\asteroids\vc\engine\debug\texture.obj
x:\university\games tech\asteroids\vc\engine\debug\texturemanager.obj
x:\university\games tech\asteroids\vc\engine\debug\animation.obj
x:\university\games tech\asteroids\vc\engine\debug\animationmanager.obj
x:\university\games tech\asteroids\lib\engine.lib
x:\university\games tech\asteroids\vc\asteroids\debug\..\..\..\lib\engine.pdb
x:\university\games tech\asteroids\vc\engine\debug\engine.tlog\cl.command.1.tlog
x:\university\games tech\asteroids\vc\engine\debug\engine.tlog\cl.items.tlog
x:\university\games tech\asteroids\vc\engine\debug\engine.tlog\cl.read.1.tlog
x:\university\games tech\asteroids\vc\engine\debug\engine.tlog\cl.write.1.tlog
x:\university\games tech\asteroids\vc\engine\debug\engine.tlog\lib-link.write.1.tlog
x:\university\games tech\asteroids\vc\engine\debug\engine.tlog\lib.command.1.tlog
x:\university\games tech\asteroids\vc\engine\debug\engine.tlog\lib.read.1.tlog
